\BOOKMARK [1][-]{section.1}{\376\377\000C\000o\000n\000t\000e\000x\000t\000o\000\040\000d\000o\000\040\000S\000i\000s\000t\000e\000m\000a}{}% 1
\BOOKMARK [2][-]{subsubsection.1.0.1}{\376\377\000O\000\040\000q\000u\000e\000\040\000\351\000\040\000u\000m\000\040\000a\000r\000q\000u\000i\000v\000o\000\040\000.\000D\000B\000F\000?}{section.1}% 2
\BOOKMARK [3][-]{subsubsection.1.0.2}{\376\377\000C\000a\000r\000a\000c\000t\000e\000r\000\355\000s\000t\000i\000c\000a\000s\000\040\000d\000o\000\040\000F\000o\000r\000m\000a\000t\000o\000\040\000.\000D\000B\000F}{subsubsection.1.0.1}% 3
\BOOKMARK [3][-]{subsubsection.1.0.3}{\376\377\000E\000x\000e\000m\000p\000l\000o\000s\000\040\000d\000e\000\040\000S\000i\000s\000t\000e\000m\000a\000s\000\040\000G\000o\000v\000e\000r\000n\000a\000m\000e\000n\000t\000a\000i\000s\000\040\000q\000u\000e\000\040\000U\000t\000i\000l\000i\000z\000a\000m\000\040\000.\000D\000B\000F}{subsubsection.1.0.1}% 4
\BOOKMARK [3][-]{subsubsection.1.0.4}{\376\377\000P\000o\000r\000\040\000Q\000u\000e\000\040\000o\000\040\000G\000o\000v\000e\000r\000n\000o\000\040\000B\000r\000a\000s\000i\000l\000e\000i\000r\000o\000\040\000A\000i\000n\000d\000a\000\040\000U\000t\000i\000l\000i\000z\000a\000\040\000.\000D\000B\000F\000?}{subsubsection.1.0.1}% 5
\BOOKMARK [3][-]{subsubsection.1.0.5}{\376\377\000M\000o\000t\000i\000v\000a\000\347\000\343\000o\000\040\000p\000a\000r\000a\000\040\000o\000\040\000U\000s\000o\000\040\000d\000e\000\040\000J\000a\000v\000a\000S\000c\000r\000i\000p\000t\000/\000B\000u\000n}{subsubsection.1.0.1}% 6
\BOOKMARK [3][-]{subsubsection.1.0.6}{\376\377\000J\000u\000s\000t\000i\000f\000i\000c\000a\000t\000i\000v\000a\000\040\000p\000a\000r\000a\000\040\000a\000\040\000E\000s\000c\000o\000l\000h\000a\000\040\000d\000e\000\040\000B\000u\000n}{subsubsection.1.0.1}% 7
\BOOKMARK [2][-]{subsection.1.1}{\376\377\000A\000r\000q\000u\000i\000t\000e\000t\000u\000r\000a\000\040\000d\000o\000\040\000S\000i\000s\000t\000e\000m\000a}{section.1}% 8
\BOOKMARK [2][-]{subsection.1.2}{\376\377\000C\000O\000R\000E\000\040\000D\000O\000M\000A\000I\000N\000\040\000-\000\040\000D\000B\000F\000S\000t\000r\000u\000c\000t\000u\000r\000e}{section.1}% 9
\BOOKMARK [3][-]{subsubsection.1.2.1}{\376\377\000O\000b\000j\000e\000t\000i\000v\000o\000s}{subsection.1.2}% 10
\BOOKMARK [3][-]{subsubsection.1.2.2}{\376\377\000F\000u\000t\000u\000r\000o\000s\000\040\000O\000b\000j\000e\000t\000i\000v\000o\000s}{subsection.1.2}% 11
\BOOKMARK [2][-]{subsection.1.3}{\376\377\000B\000o\000u\000n\000d\000e\000d\000\040\000C\000o\000n\000t\000e\000x\000t}{section.1}% 12
\BOOKMARK [2][-]{subsection.1.4}{\376\377\000D\000e\000f\000i\000n\000i\000\347\000\343\000o\000\040\000d\000o\000\040\000B\000O\000U\000N\000D\000E\000D\000\040\000C\000O\000N\000T\000E\000X\000T\000:\000\040\000D\000B\000F\000F\000i\000l\000e\000D\000e\000f\000i\000n\000i\000t\000i\000o\000n}{section.1}% 13
\BOOKMARK [2][-]{subsection.1.5}{\376\377\000O\000r\000g\000a\000n\000i\000z\000a\000\347\000\343\000o\000\040\000d\000o\000\040\000D\000B\000F\000F\000i\000l\000e\000D\000e\000f\000i\000n\000i\000t\000i\000o\000n}{section.1}% 14
\BOOKMARK [2][-]{subsection.1.6}{\376\377\000C\000o\000m\000o\000\040\000E\000s\000s\000e\000\040\000C\000o\000n\000t\000e\000x\000t\000o\000\040\000S\000e\000r\000\341\000\040\000I\000m\000p\000l\000e\000m\000e\000n\000t\000a\000d\000o\000?}{section.1}% 15
\BOOKMARK [3][-]{subsubsection.1.6.1}{\376\377\000T\000a\000r\000e\000f\000a\000s\000\040\000P\000r\000i\000n\000c\000i\000p\000a\000i\000s\000\040\000d\000o\000\040\000D\000B\000F\000F\000i\000l\000e\000D\000e\000f\000i\000n\000i\000t\000i\000o\000n}{subsection.1.6}% 16
\BOOKMARK [3][-]{subsubsection.1.6.2}{\376\377\000T\000i\000p\000o\000s\000\040\000d\000e\000\040\000d\000a\000d\000o\000s\000\040\000d\000o\000\040\000D\000B\000F\000F\000i\000l\000e\000D\000e\000f\000i\000n\000i\000t\000i\000o\000n}{subsection.1.6}% 17
\BOOKMARK [3][-]{subsubsection.1.6.3}{\376\377\000I\000n\000f\000o\000r\000m\000a\000\347\000\365\000e\000s\000\040\000g\000e\000r\000a\000i\000s\000\040\000d\000o\000\040\000D\000B\000F\000F\000i\000l\000e}{subsection.1.6}% 18
\BOOKMARK [3][-]{subsubsection.1.6.4}{\376\377\000M\000e\000t\000o\000d\000o\000s\000\040\000q\000u\000e\000\040\000e\000s\000t\000\343\000o\000\040\000d\000e\000n\000t\000r\000o\000\040\000d\000o\000\040\000D\000B\000F\000F\000i\000l\000e}{subsection.1.6}% 19
\BOOKMARK [3][-]{subsubsection.1.6.5}{\376\377\000I\000n\000f\000o\000r\000m\000a\000\347\000\365\000e\000s\000\040\000G\000e\000r\000a\000i\000s\000\040\000d\000o\000\040\000D\000B\000F\000F\000i\000e\000l\000d}{subsection.1.6}% 20
\BOOKMARK [3][-]{subsubsection.1.6.6}{\376\377\000M\000e\000t\000o\000d\000o\000s\000\040\000q\000u\000e\000\040\000e\000s\000t\000\343\000o\000\040\000d\000e\000n\000t\000r\000o\000\040\000d\000o\000\040\000D\000B\000F\000F\000i\000l\000e}{subsection.1.6}% 21
\BOOKMARK [3][-]{subsubsection.1.6.7}{\376\377\000I\000n\000f\000o\000r\000m\000a\000\347\000\365\000e\000s\000\040\000G\000e\000r\000a\000i\000s\000\040\000d\000o\000\040\000D\000B\000F\000H\000e\000a\000d\000e\000r}{subsection.1.6}% 22
\BOOKMARK [3][-]{subsubsection.1.6.8}{\376\377\000A\000t\000r\000i\000b\000u\000t\000o\000s\000\040\000d\000o\000\040\000D\000B\000F\000H\000e\000a\000d\000e\000r}{subsection.1.6}% 23
\BOOKMARK [3][-]{subsubsection.1.6.9}{\376\377\000R\000e\000g\000r\000a\000s\000\040\000d\000e\000\040\000n\000e\000g\000\363\000c\000i\000o\000\040\000d\000o\000\040\000D\000B\000F\000H\000e\000a\000d\000e\000r}{subsection.1.6}% 24
\BOOKMARK [2][-]{subsection.1.7}{\376\377\000D\000i\000a\000g\000r\000a\000m\000a\000\040\000d\000e\000\040\000C\000l\000a\000s\000s\000e\000s\000\040\000d\000o\000\040\000D\000B\000F\000F\000i\000l\000e\000D\000e\000f\000i\000n\000i\000t\000i\000o\000n}{section.1}% 25
\BOOKMARK [2][-]{subsection.1.8}{\376\377\000B\000D\000D\000\040\000d\000o\000\040\000c\000a\000s\000o\000\040\000d\000e\000\040\000u\000s\000o\000:\000\040\000C\000r\000e\000a\000t\000e\000D\000B\000F\000F\000i\000l\000e\000B\000a\000s\000e\000V\0003}{section.1}% 26
\BOOKMARK [3][-]{subsubsection.1.8.1}{\376\377\000F\000e\000a\000t\000u\000r\000e\000:\000\040\000C\000r\000i\000a\000r\000\040\000u\000m\000\040\000o\000b\000j\000e\000t\000o\000\040\000D\000B\000F\000F\000i\000l\000e\000\040\000v\000\341\000l\000i\000d\000o}{subsection.1.8}% 27
\BOOKMARK [3][-]{subsubsection.1.8.2}{\376\377\000B\000a\000c\000k\000g\000r\000o\000u\000n\000d}{subsection.1.8}% 28
\BOOKMARK [3][-]{subsubsection.1.8.3}{\376\377\000S\000c\000e\000n\000a\000r\000i\000o\000:\000\040\000C\000r\000i\000a\000r\000\040\000u\000m\000\040\000o\000b\000j\000e\000t\000o\000\040\000D\000B\000F\000F\000i\000l\000e\000\040\000c\000o\000m\000\040\000c\000a\000m\000p\000o\000s\000\040\000e\000\040\000r\000e\000g\000i\000s\000t\000r\000o\000s\000\040\000v\000\341\000l\000i\000d\000o\000s}{subsection.1.8}% 29
\BOOKMARK [3][-]{subsubsection.1.8.4}{\376\377\000S\000c\000e\000n\000a\000r\000i\000o\000:\000\040\000C\000r\000i\000a\000r\000\040\000u\000m\000\040\000D\000B\000F\000F\000i\000l\000e\000\040\000s\000e\000m\000\040\000r\000e\000g\000i\000s\000t\000r\000o\000s\000\040\000i\000n\000i\000c\000i\000a\000i\000s}{subsection.1.8}% 30
\BOOKMARK [3][-]{subsubsection.1.8.5}{\376\377\000S\000c\000e\000n\000a\000r\000i\000o\000:\000\040\000F\000a\000l\000h\000a\000\040\000a\000o\000\040\000c\000r\000i\000a\000r\000\040\000o\000\040\000D\000B\000F\000H\000e\000a\000d\000e\000r}{subsection.1.8}% 31
\BOOKMARK [3][-]{subsubsection.1.8.6}{\376\377\000S\000c\000e\000n\000a\000r\000i\000o\000:\000\040\000F\000a\000l\000h\000a\000\040\000a\000o\000\040\000i\000n\000i\000c\000i\000a\000l\000i\000z\000a\000r\000\040\000a\000\040\000l\000i\000s\000t\000a\000\040\000d\000e\000\040\000c\000a\000m\000p\000o\000s\000\040\000\050\000`\000D\000B\000F\000F\000i\000e\000l\000d\000`\000\051}{subsection.1.8}% 32
\BOOKMARK [3][-]{subsubsection.1.8.7}{\376\377\000S\000c\000e\000n\000a\000r\000i\000o\000:\000\040\000F\000a\000l\000h\000a\000\040\000a\000o\000\040\000i\000n\000i\000c\000i\000a\000l\000i\000z\000a\000r\000\040\000a\000\040\000l\000i\000s\000t\000a\000\040\000d\000e\000\040\000r\000e\000g\000i\000s\000t\000r\000o\000s\000\040\000\050\000`\000D\000B\000F\000R\000e\000c\000o\000r\000d\000`\000\051}{subsection.1.8}% 33
\BOOKMARK [3][-]{subsubsection.1.8.8}{\376\377\000S\000c\000e\000n\000a\000r\000i\000o\000:\000\040\000F\000a\000l\000h\000a\000\040\000a\000o\000\040\000d\000e\000f\000i\000n\000i\000r\000\040\000a\000\040\000v\000e\000r\000s\000\343\000o\000\040\000d\000o\000\040\000`\000.\000D\000B\000F\000`}{subsection.1.8}% 34
\BOOKMARK [3][-]{subsubsection.1.8.9}{\376\377\000S\000c\000e\000n\000a\000r\000i\000o\000:\000\040\000F\000a\000l\000h\000a\000\040\000a\000o\000\040\000d\000e\000f\000i\000n\000i\000r\000\040\000a\000\040\000d\000a\000t\000a\000\040\000d\000a\000\040\000\372\000l\000t\000i\000m\000a\000\040\000m\000o\000d\000i\000f\000i\000c\000a\000\347\000\343\000o}{subsection.1.8}% 35
\BOOKMARK [3][-]{subsubsection.1.8.10}{\376\377\000S\000c\000e\000n\000a\000r\000i\000o\000:\000\040\000F\000a\000l\000h\000a\000\040\000a\000o\000\040\000c\000a\000l\000c\000u\000l\000a\000r\000\040\000o\000\040\000o\000f\000f\000s\000e\000t\000\040\000d\000o\000\040\000p\000r\000i\000m\000e\000i\000r\000o\000\040\000r\000e\000g\000i\000s\000t\000r\000o}{subsection.1.8}% 36
\BOOKMARK [2][-]{subsection.1.9}{\376\377\000D\000e\000f\000i\000n\000i\000\347\000\343\000o\000\040\000d\000o\000\040\000B\000O\000U\000N\000D\000E\000D\000\040\000C\000O\000N\000T\000E\000X\000T\000:\000\040\000D\000B\000F\000F\000i\000e\000l\000d\000M\000a\000n\000a\000g\000e\000m\000e\000n\000t}{section.1}% 37
\BOOKMARK [2][-]{subsection.1.10}{\376\377\000C\000o\000m\000o\000\040\000E\000s\000s\000e\000\040\000C\000o\000n\000t\000e\000x\000t\000o\000\040\000S\000e\000r\000\341\000\040\000I\000m\000p\000l\000e\000m\000e\000n\000t\000a\000d\000o\000?}{section.1}% 38
\BOOKMARK [2][-]{subsection.1.11}{\376\377\000R\000e\000s\000p\000o\000n\000s\000a\000b\000i\000l\000i\000d\000a\000d\000e\000s\000\040\000d\000o\000\040\000D\000B\000F\000F\000i\000e\000l\000d\000M\000a\000n\000a\000g\000e\000m\000e\000n\000t}{section.1}% 39
\BOOKMARK [2][-]{subsection.1.12}{\376\377\000T\000i\000p\000o\000s\000\040\000d\000e\000\040\000D\000a\000d\000o\000s\000\040\000n\000o\000\040\000D\000B\000F\000F\000i\000e\000l\000d\000M\000a\000n\000a\000g\000e\000m\000e\000n\000t}{section.1}% 40
\BOOKMARK [3][-]{subsubsection.1.12.1}{\376\377\000D\000B\000F\000F\000i\000l\000e\000\040\000\050\000A\000g\000g\000r\000e\000g\000a\000t\000e\000\040\000R\000o\000o\000t\000\051}{subsection.1.12}% 41
\BOOKMARK [3][-]{subsubsection.1.12.2}{\376\377\000D\000B\000F\000F\000i\000e\000l\000d}{subsection.1.12}% 42
\BOOKMARK [2][-]{subsection.1.13}{\376\377\000R\000e\000l\000a\000\347\000\343\000o\000\040\000d\000o\000\040\000D\000B\000F\000F\000i\000e\000l\000d\000M\000a\000n\000a\000g\000e\000m\000e\000n\000t\000\040\000c\000o\000m\000\040\000O\000u\000t\000r\000o\000s\000\040\000C\000o\000n\000t\000e\000x\000t\000o\000s}{section.1}% 43
\BOOKMARK [3][-]{subsubsection.1.13.1}{\376\377\000D\000B\000F\000F\000i\000l\000e\000D\000e\000f\000i\000n\000i\000t\000i\000o\000n}{subsection.1.13}% 44
\BOOKMARK [3][-]{subsubsection.1.13.2}{\376\377\000D\000B\000F\000R\000e\000c\000o\000r\000d\000M\000a\000n\000a\000g\000e\000m\000e\000n\000t}{subsection.1.13}% 45
\BOOKMARK [3][-]{subsubsection.1.13.3}{\376\377\000D\000B\000F\000V\000a\000l\000i\000d\000a\000t\000i\000o\000n}{subsection.1.13}% 46
\BOOKMARK [3][-]{subsubsection.1.13.4}{\376\377\000D\000B\000F\000E\000x\000p\000o\000r\000t}{subsection.1.13}% 47
\BOOKMARK [2][-]{subsection.1.14}{\376\377\000C\000o\000n\000c\000l\000u\000s\000\343\000o}{section.1}% 48
\BOOKMARK [3][-]{subsubsection.1.14.1}{\376\377\000S\000c\000e\000n\000a\000r\000i\000o\000:\000\040\000A\000d\000i\000c\000i\000o\000n\000a\000r\000\040\000u\000m\000\040\000n\000o\000v\000o\000\040\000c\000a\000m\000p\000o\000\040\000\050\000`\000D\000B\000F\000F\000i\000e\000l\000d\000`\000\051\000\040\000a\000o\000\040\000`\000.\000D\000B\000F\000`}{subsection.1.14}% 49
\BOOKMARK [3][-]{subsubsection.1.14.2}{\376\377\000S\000c\000e\000n\000a\000r\000i\000o\000:\000\040\000M\000o\000d\000i\000f\000i\000c\000a\000r\000\040\000u\000m\000\040\000c\000a\000m\000p\000o\000\040\000\050\000`\000D\000B\000F\000F\000i\000e\000l\000d\000`\000\051\000\040\000e\000x\000i\000s\000t\000e\000n\000t\000e}{subsection.1.14}% 50
\BOOKMARK [3][-]{subsubsection.1.14.3}{\376\377\000S\000c\000e\000n\000a\000r\000i\000o\000:\000\040\000R\000e\000m\000o\000v\000e\000r\000\040\000u\000m\000\040\000c\000a\000m\000p\000o\000\040\000\050\000`\000D\000B\000F\000F\000i\000e\000l\000d\000`\000\051\000\040\000d\000o\000\040\000`\000.\000D\000B\000F\000`}{subsection.1.14}% 51
\BOOKMARK [2][-]{subsection.1.15}{\376\377\000D\000e\000f\000i\000n\000i\000\347\000\343\000o\000\040\000d\000o\000\040\000B\000O\000U\000N\000D\000E\000D\000\040\000C\000O\000N\000T\000E\000X\000T\000:\000\040\000D\000B\000F\000R\000e\000c\000o\000r\000d\000M\000a\000n\000a\000g\000e\000m\000e\000n\000t}{section.1}% 52
\BOOKMARK [3][-]{subsubsection.1.15.1}{\376\377\000C\000o\000m\000o\000\040\000E\000s\000s\000e\000\040\000C\000o\000n\000t\000e\000x\000t\000o\000\040\000S\000e\000r\000\341\000\040\000I\000m\000p\000l\000e\000m\000e\000n\000t\000a\000d\000o\000?}{subsection.1.15}% 53
\BOOKMARK [3][-]{subsubsection.1.15.2}{\376\377\000O\000r\000g\000a\000n\000i\000z\000a\000\347\000\343\000o\000\040\000d\000o\000\040\000D\000B\000F\000R\000e\000c\000o\000r\000d\000M\000a\000n\000a\000g\000e\000m\000e\000n\000t}{subsection.1.15}% 54
\BOOKMARK [3][-]{subsubsection.1.15.3}{\376\377\000Q\000u\000a\000i\000s\000\040\000S\000\343\000o\000\040\000a\000s\000\040\000R\000e\000s\000p\000o\000n\000s\000a\000b\000i\000l\000i\000d\000a\000d\000e\000s\000\040\000D\000e\000s\000t\000e\000\040\000C\000o\000n\000t\000e\000x\000t\000o\000?}{subsection.1.15}% 55
\BOOKMARK [3][-]{subsubsection.1.15.4}{\376\377\000O\000\040\000Q\000u\000e\000\040\000E\000s\000s\000e\000\040\000C\000o\000n\000t\000e\000x\000t\000o\000\040\000N\000\303\000O\000\040\000F\000a\000z\000?}{subsection.1.15}% 56
\BOOKMARK [3][-]{subsubsection.1.15.5}{\376\377\000R\000e\000l\000a\000\347\000\343\000o\000\040\000d\000o\000\040\000D\000B\000F\000R\000e\000c\000o\000r\000d\000M\000a\000n\000a\000g\000e\000m\000e\000n\000t\000\040\000c\000o\000m\000\040\000O\000u\000t\000r\000o\000s\000\040\000C\000o\000n\000t\000e\000x\000t\000o\000s}{subsection.1.15}% 57
\BOOKMARK [3][-]{subsubsection.1.15.6}{\376\377\000S\000c\000e\000n\000a\000r\000i\000o\000:\000\040\000C\000r\000i\000a\000r\000\040\000u\000m\000\040\000n\000o\000v\000o\000\040\000D\000B\000F\000R\000e\000c\000o\000r\000d\000\040\000c\000o\000m\000\040\000v\000a\000l\000o\000r\000e\000s\000\040\000v\000\341\000l\000i\000d\000o\000s}{subsection.1.15}% 58
\BOOKMARK [3][-]{subsubsection.1.15.7}{\376\377\000S\000c\000e\000n\000a\000r\000i\000o\000:\000\040\000F\000a\000l\000h\000a\000\040\000a\000o\000\040\000c\000r\000i\000a\000r\000\040\000u\000m\000\040\000D\000B\000F\000R\000e\000c\000o\000r\000d\000\040\000c\000o\000m\000\040\000v\000a\000l\000o\000r\000e\000s\000\040\000i\000n\000v\000\341\000l\000i\000d\000o\000s}{subsection.1.15}% 59
\BOOKMARK [3][-]{subsubsection.1.15.8}{\376\377\000S\000c\000e\000n\000a\000r\000i\000o\000:\000\040\000F\000a\000l\000h\000a\000\040\000a\000o\000\040\000c\000r\000i\000a\000r\000\040\000u\000m\000\040\000D\000B\000F\000R\000e\000c\000o\000r\000d\000\040\000q\000u\000e\000\040\000e\000x\000c\000e\000d\000e\000\040\000`\000r\000e\000c\000o\000r\000d\000S\000i\000z\000e\000`}{subsection.1.15}% 60
\BOOKMARK [3][-]{subsubsection.1.15.9}{\376\377\000S\000c\000e\000n\000a\000r\000i\000o\000:\000\040\000A\000t\000u\000a\000l\000i\000z\000a\000r\000\040\000u\000m\000\040\000D\000B\000F\000R\000e\000c\000o\000r\000d\000\040\000c\000o\000m\000\040\000v\000a\000l\000o\000r\000e\000s\000\040\000v\000\341\000l\000i\000d\000o\000s}{subsection.1.15}% 61
\BOOKMARK [3][-]{subsubsection.1.15.10}{\376\377\000S\000c\000e\000n\000a\000r\000i\000o\000:\000\040\000F\000a\000l\000h\000a\000\040\000a\000o\000\040\000a\000t\000u\000a\000l\000i\000z\000a\000r\000\040\000u\000m\000\040\000D\000B\000F\000R\000e\000c\000o\000r\000d\000\040\000i\000n\000e\000x\000i\000s\000t\000e\000n\000t\000e}{subsection.1.15}% 62
\BOOKMARK [3][-]{subsubsection.1.15.11}{\376\377\000S\000c\000e\000n\000a\000r\000i\000o\000:\000\040\000F\000a\000l\000h\000a\000\040\000a\000o\000\040\000a\000t\000u\000a\000l\000i\000z\000a\000r\000\040\000u\000m\000\040\000D\000B\000F\000R\000e\000c\000o\000r\000d\000\040\000c\000o\000m\000\040\000v\000a\000l\000o\000r\000e\000s\000\040\000i\000n\000v\000\341\000l\000i\000d\000o\000s}{subsection.1.15}% 63
\BOOKMARK [3][-]{subsubsection.1.15.12}{\376\377\000S\000c\000e\000n\000a\000r\000i\000o\000:\000\040\000F\000a\000l\000h\000a\000\040\000a\000o\000\040\000a\000t\000u\000a\000l\000i\000z\000a\000r\000\040\000u\000m\000\040\000D\000B\000F\000R\000e\000c\000o\000r\000d\000\040\000q\000u\000e\000\040\000u\000l\000t\000r\000a\000p\000a\000s\000s\000a\000\040\000`\000r\000e\000c\000o\000r\000d\000S\000i\000z\000e\000`}{subsection.1.15}% 64
\BOOKMARK [3][-]{subsubsection.1.15.13}{\376\377\000S\000c\000e\000n\000a\000r\000i\000o\000:\000\040\000R\000e\000m\000o\000v\000e\000r\000\040\000u\000m\000\040\000D\000B\000F\000R\000e\000c\000o\000r\000d\000\040\000e\000x\000i\000s\000t\000e\000n\000t\000e}{subsection.1.15}% 65
\BOOKMARK [3][-]{subsubsection.1.15.14}{\376\377\000S\000c\000e\000n\000a\000r\000i\000o\000:\000\040\000F\000a\000l\000h\000a\000\040\000a\000o\000\040\000r\000e\000m\000o\000v\000e\000r\000\040\000u\000m\000\040\000D\000B\000F\000R\000e\000c\000o\000r\000d\000\040\000i\000n\000e\000x\000i\000s\000t\000e\000n\000t\000e}{subsection.1.15}% 66
\BOOKMARK [3][-]{subsubsection.1.15.15}{\376\377\000S\000c\000e\000n\000a\000r\000i\000o\000:\000\040\000F\000a\000l\000h\000a\000\040\000a\000o\000\040\000r\000e\000m\000o\000v\000e\000r\000\040\000u\000m\000\040\000D\000B\000F\000R\000e\000c\000o\000r\000d\000\040\000e\000m\000\040\000u\000m\000\040\000D\000B\000F\000\040\000v\000a\000z\000i\000o}{subsection.1.15}% 67
\BOOKMARK [3][-]{subsubsection.1.15.16}{\376\377\000S\000c\000e\000n\000a\000r\000i\000o\000:\000\040\000R\000e\000m\000o\000v\000e\000r\000\040\000t\000o\000d\000o\000s\000\040\000o\000s\000\040\000r\000e\000g\000i\000s\000t\000r\000o\000s\000\040\000d\000e\000\040\000u\000m\000\040\000D\000B\000F\000F\000i\000l\000e}{subsection.1.15}% 68
\BOOKMARK [3][-]{subsubsection.1.15.17}{\376\377\000S\000c\000e\000n\000a\000r\000i\000o\000:\000\040\000B\000u\000s\000c\000a\000r\000\040\000u\000m\000\040\000D\000B\000F\000R\000e\000c\000o\000r\000d\000\040\000e\000x\000i\000s\000t\000e\000n\000t\000e\000\040\000p\000e\000l\000o\000\040\000i\000d\000e\000n\000t\000i\000f\000i\000c\000a\000d\000o\000r}{subsection.1.15}% 69
\BOOKMARK [3][-]{subsubsection.1.15.18}{\376\377\000S\000c\000e\000n\000a\000r\000i\000o\000:\000\040\000F\000a\000l\000h\000a\000\040\000a\000o\000\040\000b\000u\000s\000c\000a\000r\000\040\000u\000m\000\040\000D\000B\000F\000R\000e\000c\000o\000r\000d\000\040\000i\000n\000e\000x\000i\000s\000t\000e\000n\000t\000e}{subsection.1.15}% 70
\BOOKMARK [3][-]{subsubsection.1.15.19}{\376\377\000S\000c\000e\000n\000a\000r\000i\000o\000:\000\040\000B\000u\000s\000c\000a\000r\000\040\000u\000m\000\040\000D\000B\000F\000R\000e\000c\000o\000r\000d\000\040\000m\000a\000r\000c\000a\000d\000o\000\040\000c\000o\000m\000o\000\040\000e\000x\000c\000l\000u\000\355\000d\000o}{subsection.1.15}% 71
\BOOKMARK [3][-]{subsubsection.1.15.20}{\376\377\000S\000c\000e\000n\000a\000r\000i\000o\000:\000\040\000B\000u\000s\000c\000a\000r\000\040\000t\000o\000d\000o\000s\000\040\000o\000s\000\040\000D\000B\000F\000R\000e\000c\000o\000r\000d\000s\000\040\000d\000e\000\040\000u\000m\000\040\000D\000B\000F\000F\000i\000l\000e}{subsection.1.15}% 72
\BOOKMARK [3][-]{subsubsection.1.15.21}{\376\377\000S\000c\000e\000n\000a\000r\000i\000o\000:\000\040\000F\000a\000l\000h\000a\000\040\000a\000o\000\040\000b\000u\000s\000c\000a\000r\000\040\000r\000e\000g\000i\000s\000t\000r\000o\000s\000\040\000e\000m\000\040\000u\000m\000\040\000D\000B\000F\000F\000i\000l\000e\000\040\000v\000a\000z\000i\000o}{subsection.1.15}% 73
\BOOKMARK [3][-]{subsubsection.1.15.22}{\376\377\000S\000c\000e\000n\000a\000r\000i\000o\000:\000\040\000R\000e\000s\000t\000a\000u\000r\000a\000r\000\040\000u\000m\000\040\000D\000B\000F\000R\000e\000c\000o\000r\000d\000\040\000e\000x\000c\000l\000u\000\355\000d\000o}{subsection.1.15}% 74
\BOOKMARK [3][-]{subsubsection.1.15.23}{\376\377\000S\000c\000e\000n\000a\000r\000i\000o\000:\000\040\000F\000a\000l\000h\000a\000\040\000a\000o\000\040\000r\000e\000s\000t\000a\000u\000r\000a\000r\000\040\000u\000m\000\040\000D\000B\000F\000R\000e\000c\000o\000r\000d\000\040\000i\000n\000e\000x\000i\000s\000t\000e\000n\000t\000e}{subsection.1.15}% 75
\BOOKMARK [3][-]{subsubsection.1.15.24}{\376\377\000S\000c\000e\000n\000a\000r\000i\000o\000:\000\040\000F\000a\000l\000h\000a\000\040\000a\000o\000\040\000r\000e\000s\000t\000a\000u\000r\000a\000r\000\040\000u\000m\000\040\000D\000B\000F\000R\000e\000c\000o\000r\000d\000\040\000q\000u\000e\000\040\000n\000\343\000o\000\040\000e\000s\000t\000\341\000\040\000e\000x\000c\000l\000u\000\355\000d\000o}{subsection.1.15}% 76
\BOOKMARK [3][-]{subsubsection.1.15.25}{\376\377\000S\000c\000e\000n\000a\000r\000i\000o\000:\000\040\000F\000a\000l\000h\000a\000\040\000a\000o\000\040\000r\000e\000s\000t\000a\000u\000r\000a\000r\000\040\000r\000e\000g\000i\000s\000t\000r\000o\000s\000\040\000q\000u\000a\000n\000d\000o\000\040\000o\000\040\000D\000B\000F\000F\000i\000l\000e\000\040\000e\000s\000t\000\341\000\040\000v\000a\000z\000i\000o}{subsection.1.15}% 77
